{
"contracts/bankdpp.sol":{"l":{"11":4,"15":3,"16":3,"17":1,"19":2,"20":2,"21":1,"24":1,"25":1,"26":1,"27":0,"32":2,"36":0},"path":"/home/pratyush-ranjan/Documents/extra-carricular/blockchain/bank-dpp/contracts/bankdpp.sol","s":{"1":4,"2":3,"3":3,"4":2,"5":2,"6":1,"7":1,"8":1,"9":2,"10":0},"b":{"1":[1,2],"2":[2,0],"3":[1,1],"4":[0,1]},"f":{"1":4,"2":3,"3":2,"4":0},"fnMap":{"1":{"name":"deposite","line":10,"loc":{"start":{"line":10,"column":2},"end":{"line":12,"column":2}}},"2":{"name":"withdraw","line":14,"loc":{"start":{"line":14,"column":2},"end":{"line":29,"column":2}}},"3":{"name":"yourTotalAmountInBank","line":31,"loc":{"start":{"line":31,"column":2},"end":{"line":33,"column":2}}},"4":{"name":"totalBalanceOfBank","line":35,"loc":{"start":{"line":35,"column":2},"end":{"line":37,"column":2}}}},"statementMap":{"1":{"start":{"line":11,"column":4},"end":{"line":11,"column":44}},"2":{"start":{"line":15,"column":4},"end":{"line":15,"column":55}},"3":{"start":{"line":16,"column":4},"end":{"line":16,"column":433}},"4":{"start":{"line":19,"column":4},"end":{"line":19,"column":510}},"5":{"start":{"line":20,"column":6},"end":{"line":20,"column":542}},"6":{"start":{"line":24,"column":4},"end":{"line":24,"column":44}},"7":{"start":{"line":25,"column":4},"end":{"line":25,"column":71}},"8":{"start":{"line":26,"column":4},"end":{"line":26,"column":752}},"9":{"start":{"line":32,"column":4},"end":{"line":32,"column":39}},"10":{"start":{"line":36,"column":4},"end":{"line":36,"column":32}}},"branchMap":{"1":{"line":16,"type":"if","locations":[{"start":{"line":16,"column":4},"end":{"line":16,"column":4}},{"start":{"line":16,"column":4},"end":{"line":16,"column":4}}]},"2":{"line":19,"type":"if","locations":[{"start":{"line":19,"column":4},"end":{"line":19,"column":4}},{"start":{"line":19,"column":4},"end":{"line":19,"column":4}}]},"3":{"line":20,"type":"if","locations":[{"start":{"line":20,"column":6},"end":{"line":20,"column":6}},{"start":{"line":20,"column":6},"end":{"line":20,"column":6}}]},"4":{"line":26,"type":"if","locations":[{"start":{"line":26,"column":4},"end":{"line":26,"column":4}},{"start":{"line":26,"column":4},"end":{"line":26,"column":4}}]}}}}
