TN:
SF:/home/pratyush-ranjan/Documents/extra-carricular/blockchain/bank-dpp/contracts/bankdpp.sol
FN:10,deposite
FN:14,withdraw
FN:31,yourTotalAmountInBank
FN:35,totalBalanceOfBank
FNF:4
FNH:3
FNDA:4,deposite
FNDA:3,withdraw
FNDA:2,yourTotalAmountInBank
FNDA:0,totalBalanceOfBank
DA:11,4
DA:15,3
DA:16,3
DA:17,1
DA:19,2
DA:20,2
DA:21,1
DA:24,1
DA:25,1
DA:26,1
DA:27,0
DA:32,2
DA:36,0
LF:13
LH:11
BRDA:16,1,0,1
BRDA:16,1,1,2
BRDA:19,2,0,2
BRDA:19,2,1,0
BRDA:20,3,0,1
BRDA:20,3,1,1
BRDA:26,4,0,0
BRDA:26,4,1,1
BRF:8
BRH:6
end_of_record
